supermoto_app/build/app/outputs/mapping/release/mapping.txt
# compiler: R8
# compiler_version: 1.5.64
# min_api: 16
# pg_map_id: a261e86
...
io.flutter.embedding.engine.renderer.FlutterUiDisplayListener -> io.flutter.embedding.engine.h.b:
    void onFlutterUiDisplayed() -> a
    void onFlutterUiNoLongerDisplayed() -> b
io.flutter.embedding.engine.renderer.RenderSurface -> io.flutter.embedding.engine.h.c:
    void attachToRenderer(io.flutter.embedding.engine.renderer.FlutterRenderer) -> a
    void pause() -> a
    void detachFromRenderer() -> b
io.flutter.embedding.engine.systemchannels.AccessibilityChannel -> io.flutter.embedding.engine.i.a:
    io.flutter.embedding.engine.FlutterJNI flutterJNI -> b
    io.flutter.embedding.engine.systemchannels.AccessibilityChannel$AccessibilityMessageHandler handler -> c
    io.flutter.plugin.common.BasicMessageChannel$MessageHandler parsingMessageHandler -> d
    io.flutter.plugin.common.BasicMessageChannel channel -> a
    io.flutter.embedding.engine.systemchannels.AccessibilityChannel$AccessibilityMessageHandler access$000(io.flutter.embedding.engine.systemchannels.AccessibilityChannel) -> a
    void dispatchSemanticsAction(int,io.flutter.view.AccessibilityBridge$Action) -> a
    void dispatchSemanticsAction(int,io.flutter.view.AccessibilityBridge$Action,java.lang.Object) -> a
    void onAndroidAccessibilityDisabled() -> a
    void setAccessibilityFeatures(int) -> a
    void setAccessibilityMessageHandler(io.flutter.embedding.engine.systemchannels.AccessibilityChannel$AccessibilityMessageHandler) -> a
    void onAndroidAccessibilityEnabled() -> b
io.flutter.embedding.engine.systemchannels.AccessibilityChannel$1 -> io.flutter.embedding.engine.i.a$a:
    io.flutter.embedding.engine.systemchannels.AccessibilityChannel this$0 -> a
    void onMessage(java.lang.Object,io.flutter.plugin.common.BasicMessageChannel$Reply) -> a
io.flutter.embedding.engine.systemchannels.AccessibilityChannel$AccessibilityMessageHandler -> io.flutter.embedding.engine.i.a$b:
    void onTap(int) -> a
    void onTooltip(java.lang.String) -> a
    void announce(java.lang.String) -> b
    void onLongPress(int) -> b
io.flutter.embedding.engine.systemchannels.KeyEventChannel -> io.flutter.embedding.engine.i.b:
    io.flutter.plugin.common.BasicMessageChannel channel -> a
    void encodeKeyEvent(io.flutter.embedding.engine.systemchannels.KeyEventChannel$FlutterKeyEvent,java.util.Map) -> a
    void keyDown(io.flutter.embedding.engine.systemchannels.KeyEventChannel$FlutterKeyEvent) -> a
    void keyUp(io.flutter.embedding.engine.systemchannels.KeyEventChannel$FlutterKeyEvent) -> b
io.flutter.embedding.engine.systemchannels.KeyEventChannel$FlutterKeyEvent -> io.flutter.embedding.engine.i.b$a:
    int repeatCount -> l
    int vendorId -> j
    int productId -> k
    int metaState -> h
    int source -> i
    int scanCode -> g
    int codePoint -> d
    int keyCode -> e
    int flags -> b
    int plainCodePoint -> c
    java.lang.Character complexCharacter -> f
    int deviceId -> a
io.flutter.embedding.engine.systemchannels.LifecycleChannel -> io.flutter.embedding.engine.i.c:
    io.flutter.plugin.common.BasicMessageChannel channel -> a
    void appIsDetached() -> a
    void appIsInactive() -> b
    void appIsPaused() -> c
    void appIsResumed() -> d
io.flutter.embedding.engine.systemchannels.LocalizationChannel -> io.flutter.embedding.engine.i.d:
    io.flutter.plugin.common.MethodChannel channel -> a
    void sendLocales(java.util.List) -> a